00:00:00.159116 VirtualBox GUI VM Selector Window 6.0.14_Ubuntu r132055 linux.amd64 (Oct 17 2019 07:24:16) release log
00:00:00.159122 Log opened 2019-12-18T10:41:02.450668000Z
00:00:00.159123 Build Type: release
00:00:00.159131 OS Product: Linux
00:00:00.159133 OS Release: 5.3.0-24-generic
00:00:00.159135 OS Version: #26-Ubuntu SMP Thu Nov 14 01:33:18 UTC 2019
00:00:00.159184 DMI Product Name: 20N2005VMX
00:00:00.159200 DMI Product Version: ThinkPad T490
00:00:00.159277 Host RAM: 15733MB (15.3GB) total, 5552MB (5.4GB) available
00:00:00.159287 Executable: /usr/lib/virtualbox/VirtualBox
00:00:00.159288 Process ID: 18146
00:00:00.159290 Package type: LINUX_64BITS_GENERIC (OSE)
00:00:00.159345 Qt version: 5.12.4
00:00:00.220833 GUI: UIMediumEnumerator: Medium-enumeration started...
00:00:00.607420 GUI: UIMediumEnumerator: Medium-enumeration finished!
00:00:00.616775 GUI: UIDesktopWidgetWatchdog::sltHandleHostScreenAvailableGeometryCalculated: Screen 0 work area is actually resized to: 5122x2 x 636x1413
00:00:00.618972 GUI: UIDesktopWidgetWatchdog::sltHandleHostScreenAvailableGeometryCalculated: Screen 1 work area is actually resized to: 5762x2 x 636x1413
00:13:19.927777 GUI: UIMediumEnumerator: Medium-enumeration finished!
00:13:23.437035 GUI: UIMediumEnumerator: Medium-enumeration finished!
00:13:25.998391 GUI: UIMediumEnumerator: Medium-enumeration finished!
00:13:28.499133 GUI: UIMediumEnumerator: Medium-enumeration finished!
